C51 COMPILER V7.06   KEY                                                                   07/07/2019 00:43:35 PAGE 1   


C51 COMPILER V7.06, COMPILATION OF MODULE KEY
OBJECT MODULE PLACED IN key.obj
COMPILER INVOKED BY: D:\duanxueqi\keil\C51\BIN\C51.EXE KEY\key.c BROWSE INCDIR(D:\duanxueqi\keil\code\zhuji\DISPLAY\;D:\
                    -duanxueqi\keil\code\zhuji\UART\;D:\duanxueqi\keil\code\zhuji\KEY\) DEBUG OBJECTEXTEND PRINT(.\key.lst) OBJECT(key.obj)

stmt level    source

   1          #include <reg51.h>
   2          #include "display.h"
   3          #include "key.h"
   4          #include "uart.h"
   5          
   6          unsigned char star = 0;
   7          
   8          sbit key = P3^2;
   9          void keyInit() {
  10   1              IT0 = 1;   //下降沿触发
  11   1              EX0 = 1;   //开外部中断
  12   1              EA = 1;    //总中断
  13   1      }
  14          
  15          void keyInt() interrupt 0 {
  16   1              EX0 = 0;
  17   1              keyScand();
  18   1              EX0 = 1;
  19   1      }
  20          
  21          void keyScand() {
  22   1              if(key == 0) {
  23   2                      delay(10); //1ms
  24   2                      while(key == 0){;}
  25   2                      if(star == 0) { //开始
  26   3                              ES = 1;
  27   3                              star = 1;
  28   3                              uartWrite(20, 1);
  29   3                              uartWrite(30, 1);
  30   3                      } else {
  31   3                              ES = 0;
  32   3                              star = 0;       //停止
  33   3                              uartWrite(20, 0);
  34   3                              uartWrite(30, 0);
  35   3                              displayClear();
  36   3                      }
  37   2              }
  38   1      }


MODULE INFORMATION:   STATIC OVERLAYABLE
   CODE SIZE        =    126    ----
   CONSTANT SIZE    =   ----    ----
   XDATA SIZE       =   ----    ----
   PDATA SIZE       =   ----    ----
   DATA SIZE        =      1    ----
   IDATA SIZE       =   ----    ----
   BIT SIZE         =   ----    ----
END OF MODULE INFORMATION.


C51 COMPILATION COMPLETE.  0 WARNING(S),  0 ERROR(S)
